<?xml version="1.0" encoding="UTF-8"?>
<!-- Generated by org.testng.reporters.JUnitXMLReporter -->
<testsuite ignored="0" hostname="PRATIK" failures="0" tests="4" name="Default test" time="14.679" errors="0" timestamp="2024-05-17T18:45:49 IST">
  <testcase classname="api.test.UserTests" name="testPostUser" time="8.266"/>
  <testcase classname="api.test.UserTests" name="testGetUserByName" time="1.538"/>
  <testcase classname="api.test.UserTests" name="testUpdateUserByName" time="2.979"/>
  <testcase classname="api.test.UserTests" name="testDeleteUserByName" time="1.313"/>
</testsuite> <!-- Default test -->
