<?xml version="1.0" encoding="UTF-8"?>
<!-- Generated by org.testng.reporters.JUnitXMLReporter -->
<testsuite ignored="0" hostname="PRATIK" failures="0" tests="4" name="PetTests" time="13.616" errors="0" timestamp="2024-05-20T12:08:49 IST">
  <testcase classname="api.test.UserTests" name="testPostUser" time="5.111"/>
  <testcase classname="api.test.UserTests" name="testGetUserByName" time="1.62"/>
  <testcase classname="api.test.UserTests" name="testUpdateUserByName" time="2.976"/>
  <testcase classname="api.test.UserTests" name="testDeleteUserByName" time="1.391"/>
</testsuite> <!-- PetTests -->
