<?xml version="1.0" encoding="UTF-8"?>
<!-- Generated by org.testng.reporters.JUnitXMLReporter -->
<testsuite ignored="0" hostname="PRATIK" failures="0" tests="4" name="PetTests" time="11.975" errors="0" timestamp="2024-05-19T18:25:50 IST">
  <testcase classname="api.test.UserTests" name="testPostUser" time="4.28"/>
  <testcase classname="api.test.UserTests" name="testGetUserByName" time="1.651"/>
  <testcase classname="api.test.UserTests" name="testUpdateUserByName" time="2.471"/>
  <testcase classname="api.test.UserTests" name="testDeleteUserByName" time="1.504"/>
</testsuite> <!-- PetTests -->
